<?xml version="1.0" encoding="UTF-8"?>
<!-- Generated by org.testng.reporters.JUnitReportReporter -->
<testsuite hostname="DESKTOP-NG1F73B" failures="0" tests="1" name="scripting.TestCase1" time="11.397" errors="0" timestamp="2022-11-10T20:39:12 IST" skipped="0">
  <testcase classname="scripting.TestCase1" name="tc1" time="11.397"/>
  <system-out/>
</testsuite> <!-- scripting.TestCase1 -->
